[15:51:38.172600] [Import] [info] (th=19876) Log level for 'Import' set to 'info'
[15:51:38.172769] [Import] [info] (th=19876) Importing from D:\_GrigoriiWorks\MANU\ManuWorks\AdventureNEW\Enemies\BatMonster\Export\Bat_Monster_T-pose.fbx
[15:51:38.276173] [Import] [info] (th=19876) Imported scene tree:
name: "RootNode"

	name: "Plane.001"
	numMeshes: 1
	 addr: "000001E5E214D0F0"
	 name: "Plane.002"
	 numVertices: "2439"
	 numFaces: "1860"
	
	
	name: "BatArmature"
	
		name: "Root"
		
		name: "spine1"
		
			name: "spine2"
			
				name: "neck"
				
					name: "head"
					
						name: "jaw"
						
				name: "calvincle.L"
				
					name: "wing1.L"
					
						name: "wing2.L"
						
							name: "wing3.L"
							
						name: "f1.L"
						
							name: "f2.L"
							
						name: "f3.L"
						
							name: "f4.L"
							
						name: "f5.L"
						
				name: "calvincle.R"
				
					name: "wing1.R"
					
						name: "wing2.R"
						
							name: "wing3.R"
							
						name: "f1.R"
						
							name: "f2.R"
							
						name: "f3.R"
						
							name: "f4.R"
							
						name: "f5.R"
						
			name: "tail1"
			
				name: "tail2"
				
					name: "tail3"
					

[15:51:38.276280] [Import] [info] (th=19876) File loaded successfully
[15:51:38.276345] [Import] [info] (th=19876) Meshes count: 1
[15:51:38.276415] [Import] [info] (th=19876) Materials count: 1
[15:51:38.292850] [Import] [info] (th=19876) Textures count (imported): 0
[16:37:11.867705] [Import] [info] (th=19876) Importing from D:\_GrigoriiWorks\MANU\ManuWorks\AdventureNEW\Enemies\BatMonster\Export\Bat_Monster_idle.fbx
[16:37:11.929670] [Import] [info] (th=19876) Imported scene tree:
name: "RootNode"

	name: "BatArmature"
	
		name: "Root"
		
		name: "spine1"
		
			name: "spine2"
			
				name: "neck"
				
					name: "head"
					
						name: "jaw"
						
				name: "calvincle.L"
				
					name: "wing1.L"
					
						name: "wing2.L"
						
							name: "wing3.L"
							
						name: "f1.L"
						
							name: "f2.L"
							
						name: "f3.L"
						
							name: "f4.L"
							
						name: "f5.L"
						
				name: "calvincle.R"
				
					name: "wing1.R"
					
						name: "wing2.R"
						
							name: "wing3.R"
							
						name: "f1.R"
						
							name: "f2.R"
							
						name: "f3.R"
						
							name: "f4.R"
							
						name: "f5.R"
						
			name: "tail1"
			
				name: "tail2"
				
					name: "tail3"
					

[16:37:11.929717] [Import] [info] (th=19876) File loaded successfully
[16:37:11.929754] [Import] [info] (th=19876) Meshes count: 0
[16:37:11.929791] [Import] [info] (th=19876) Materials count: 0
[16:51:43.656822] [Import] [info] (th=19876) Importing from D:\_GrigoriiWorks\MANU\ManuWorks\AdventureNEW\Enemies\Golem\Export\Golem_T-pose.fbx
[16:51:43.696575] [Import] [info] (th=19876) Imported scene tree:
name: "RootNode"

	name: "Cube.005"
	numMeshes: 1
	 addr: "000001E5E2138BD0"
	 name: "Cube.006"
	 numVertices: "6228"
	 numFaces: "4236"
	
	
	name: "Armature"
	
		name: "Hip"
		
			name: "Spine"
			
				name: "Chest"
				
					name: "Neck"
					
						name: "Head"
						
					name: "Calvincle_L"
					
						name: "Arm_L"
						
							name: "Forearm_L"
							
								name: "Hand_L"
								
									name: "Forearm_L.002"
									
										name: "Forearm_L.003"
										
									name: "F_index1_L"
									
										name: "F_index2_L"
										
											name: "F_index3_L"
											
									name: "F_lit1_L"
									
										name: "F_lit2_L"
										
											name: "F_lit3_L"
											
					name: "Calvincle_R"
					
						name: "Arm_R"
						
							name: "Forearm_R"
							
								name: "Hand_R"
								
									name: "Forearm_R.002"
									
										name: "Forearm_R.003"
										
									name: "F_lit1_R"
									
										name: "F_lit2_R"
										
											name: "F_lit3_R"
											
									name: "F_index1_R"
									
										name: "F_index2_R"
										
											name: "F_index3_R"
											
			name: "Hip_L"
			
				name: "leg1_L"
				
					name: "leg2_L"
					
						name: "leg3_L"
						
							name: "foot_L"
							
			name: "Hip_R"
			
				name: "leg1_R"
				
					name: "leg2_R"
					
						name: "leg3_R"
						
							name: "foot_R"
							

[16:51:43.696640] [Import] [info] (th=19876) File loaded successfully
[16:51:43.696710] [Import] [info] (th=19876) Meshes count: 1
[16:51:43.696792] [Import] [info] (th=19876) Materials count: 1
[16:51:43.697138] [Import] [info] (th=19876) Textures count (imported): 1
[16:52:34.448322] [Import] [info] (th=19876) Importing from D:\_GrigoriiWorks\MANU\ManuWorks\AdventureNEW\Enemies\Golem\Export\Golem_idle.fbx
[16:52:34.494355] [Import] [info] (th=19876) Imported scene tree:
name: "RootNode"

	name: "Armature"
	
		name: "Hip"
		
			name: "Spine"
			
				name: "Chest"
				
					name: "Neck"
					
						name: "Head"
						
					name: "Calvincle_L"
					
						name: "Arm_L"
						
							name: "Forearm_L"
							
								name: "Hand_L"
								
									name: "Forearm_L.002"
									
										name: "Forearm_L.003"
										
									name: "F_index1_L"
									
										name: "F_index2_L"
										
											name: "F_index3_L"
											
									name: "F_lit1_L"
									
										name: "F_lit2_L"
										
											name: "F_lit3_L"
											
					name: "Calvincle_R"
					
						name: "Arm_R"
						
							name: "Forearm_R"
							
								name: "Hand_R"
								
									name: "Forearm_R.002"
									
										name: "Forearm_R.003"
										
									name: "F_lit1_R"
									
										name: "F_lit2_R"
										
											name: "F_lit3_R"
											
									name: "F_index1_R"
									
										name: "F_index2_R"
										
											name: "F_index3_R"
											
			name: "Hip_L"
			
				name: "leg1_L"
				
					name: "leg2_L"
					
						name: "leg3_L"
						
							name: "foot_L"
							
			name: "Hip_R"
			
				name: "leg1_R"
				
					name: "leg2_R"
					
						name: "leg3_R"
						
							name: "foot_R"
							

[16:52:34.494403] [Import] [info] (th=19876) File loaded successfully
[16:52:34.494437] [Import] [info] (th=19876) Meshes count: 0
[16:52:34.494470] [Import] [info] (th=19876) Materials count: 0
[16:52:40.006807] [Import] [info] (th=19876) Importing from D:\_GrigoriiWorks\MANU\ManuWorks\AdventureNEW\Enemies\Golem\Export\Golem_walk.fbx
[16:52:40.038772] [Import] [info] (th=19876) Imported scene tree:
name: "RootNode"

	name: "Armature"
	
		name: "Hip"
		
			name: "Spine"
			
				name: "Chest"
				
					name: "Neck"
					
						name: "Head"
						
					name: "Calvincle_L"
					
						name: "Arm_L"
						
							name: "Forearm_L"
							
								name: "Hand_L"
								
									name: "Forearm_L.002"
									
										name: "Forearm_L.003"
										
									name: "F_index1_L"
									
										name: "F_index2_L"
										
											name: "F_index3_L"
											
									name: "F_lit1_L"
									
										name: "F_lit2_L"
										
											name: "F_lit3_L"
											
					name: "Calvincle_R"
					
						name: "Arm_R"
						
							name: "Forearm_R"
							
								name: "Hand_R"
								
									name: "Forearm_R.002"
									
										name: "Forearm_R.003"
										
									name: "F_lit1_R"
									
										name: "F_lit2_R"
										
											name: "F_lit3_R"
											
									name: "F_index1_R"
									
										name: "F_index2_R"
										
											name: "F_index3_R"
											
			name: "Hip_L"
			
				name: "leg1_L"
				
					name: "leg2_L"
					
						name: "leg3_L"
						
							name: "foot_L"
							
			name: "Hip_R"
			
				name: "leg1_R"
				
					name: "leg2_R"
					
						name: "leg3_R"
						
							name: "foot_R"
							

[16:52:40.038887] [Import] [info] (th=19876) File loaded successfully
[16:52:40.038973] [Import] [info] (th=19876) Meshes count: 0
[16:52:40.039055] [Import] [info] (th=19876) Materials count: 0
