[11:29:26.506888] [Import] [info] (th=11368) Log level for 'Import' set to 'info'
[11:29:26.507027] [Import] [info] (th=11368) Importing from D:\_GrigoriiWorks\MANU\ManuWorks\AdventureNEW\GG\Export\RUN.fbx
[11:29:26.515404] [Import] [info] (th=11368) Imported scene tree:
name: "RootNode"

	name: "Main_armature_GG"
	
		name: "root"
		
			name: "pelvis"
			
				name: "thigh_L"
				
					name: "calf_L"
					
						name: "foot_L"
						
							name: "toes_L"
							
				name: "thigh_R"
				
					name: "calf_R"
					
						name: "foot_R"
						
							name: "toes_R"
							
				name: "spine01"
				
					name: "spine02"
					
						name: "clavicle_R"
						
							name: "upperarm_R"
							
								name: "lowerarm_R"
								
									name: "hand_R"
									
						name: "clavicle_L"
						
							name: "upperarm_L"
							
								name: "lowerarm_L"
								
									name: "hand_L"
									
						name: "neck"
						
							name: "Head"
							

[11:29:26.515574] [Import] [info] (th=11368) File loaded successfully
[11:29:26.515669] [Import] [info] (th=11368) Meshes count: 0
[11:29:26.515704] [Import] [info] (th=11368) Materials count: 0
[11:32:01.476105] [Import] [info] (th=11368) Importing from D:\_GrigoriiWorks\MANU\ManuWorks\AdventureNEW\GG\Export\RUNback.fbx
[11:32:01.483411] [Import] [info] (th=11368) Imported scene tree:
name: "RootNode"

	name: "Main_armature_GG"
	
		name: "root"
		
			name: "pelvis"
			
				name: "thigh_L"
				
					name: "calf_L"
					
						name: "foot_L"
						
							name: "toes_L"
							
				name: "thigh_R"
				
					name: "calf_R"
					
						name: "foot_R"
						
							name: "toes_R"
							
				name: "spine01"
				
					name: "spine02"
					
						name: "clavicle_R"
						
							name: "upperarm_R"
							
								name: "lowerarm_R"
								
									name: "hand_R"
									
						name: "clavicle_L"
						
							name: "upperarm_L"
							
								name: "lowerarm_L"
								
									name: "hand_L"
									
						name: "neck"
						
							name: "Head"
							

[11:32:01.483518] [Import] [info] (th=11368) File loaded successfully
[11:32:01.483558] [Import] [info] (th=11368) Meshes count: 0
[11:32:01.483592] [Import] [info] (th=11368) Materials count: 0
