[17:59:04.119564] [Import] [info] (th=2056) Log level for 'Import' set to 'info'
[17:59:04.119659] [Import] [info] (th=2056) Importing from D:\_GrigoriiWorks\MANU\ManuWorks\AdventureNEW\Enemies\OgreMage\OgreMage_T-pose.fbx
[17:59:04.182306] [Import] [info] (th=2056) Imported scene tree:
name: "RootNode"

	name: "ARMA"
	
		name: "root"
		
			name: "pelvis"
			
				name: "thigh_L"
				
					name: "calf_L"
					
						name: "foot_L"
						
							name: "toes_L"
							
				name: "thigh_R"
				
					name: "calf_R"
					
						name: "foot_R"
						
							name: "toes_R"
							
				name: "spine01"
				
					name: "spine02"
					
						name: "clavicle_R"
						
							name: "upperarm_R"
							
								name: "lowerarm_R"
								
									name: "hand_R"
									
										name: "Plane.017"
										numMeshes: 1
										 addr: "000001C4A2E31620"
										 name: "Plane.024"
										 numVertices: "942"
										 numFaces: "588"
										
										
										name: "F_other1_R"
										
											name: "F_other2_R"
											
										name: "F_index2_R"
										
											name: "F_index3_R"
											
										name: "F_thumb1_R"
										
											name: "F_thumb2_R"
											
										name: "F_mid1_R"
										
											name: "F_mid2_R"
											
							name: "Shoulder_R"
							
						name: "clavicle_L"
						
							name: "upperarm_L"
							
								name: "lowerarm_L"
								
									name: "hand_L"
									
										name: "F_other1_L"
										
											name: "F_other2_L"
											
										name: "F_index2_L"
										
											name: "F_index3_L"
											
										name: "F_thumb1_L"
										
											name: "F_thumb2_L"
											
										name: "F_mid1_L"
										
											name: "F_mid2_L"
											
							name: "Shoulder_L"
							
						name: "neck"
						
							name: "Head"
							
								name: "Hairs1"
								
									name: "Hairs2"
									
										name: "Hairs3"
										
								name: "jaw"
								
								name: "eyeLashTop_L"
								
								name: "eyeLashBot_L"
								
								name: "eye_L"
								
								name: "eyeLashTop_R"
								
								name: "eyeLashBot_R"
								
								name: "eye_R"
								
				name: "visulka"
				
	name: "Ogre"
	numMeshes: 1
	 addr: "000001C4A2E395A0"
	 name: "Plane.023"
	 numVertices: "10767"
	 numFaces: "7480"
	
	
	name: "Ogre.001"
	numMeshes: 1
	 addr: "000001C4A2E3D010"
	 name: "Plane.025"
	 numVertices: "100"
	 numFaces: "60"
	
	
	name: "Ogre.002"
	numMeshes: 1
	 addr: "000001C4A2E3BAD0"
	 name: "Plane.026"
	 numVertices: "2542"
	 numFaces: "1572"
	
	
	name: "Ogre.003"
	numMeshes: 1
	 addr: "000001C4A2E3B030"
	 name: "Plane.027"
	 numVertices: "560"
	 numFaces: "344"
	
	

[17:59:04.182362] [Import] [info] (th=2056) File loaded successfully
[17:59:04.182399] [Import] [info] (th=2056) Meshes count: 5
[17:59:04.182432] [Import] [info] (th=2056) Materials count: 1
[17:59:04.182778] [Import] [info] (th=2056) Textures count (imported): 1
[17:59:43.085089] [Import] [info] (th=2056) Importing from D:\_GrigoriiWorks\MANU\ManuWorks\AdventureNEW\Enemies\OgreMage\Export\OgreMage_idle.fbx
[17:59:43.103463] [Import] [info] (th=2056) Imported scene tree:
name: "RootNode"

	name: "ARMA"
	
		name: "root"
		
			name: "pelvis"
			
				name: "thigh_L"
				
					name: "calf_L"
					
						name: "foot_L"
						
							name: "toes_L"
							
				name: "thigh_R"
				
					name: "calf_R"
					
						name: "foot_R"
						
							name: "toes_R"
							
				name: "spine01"
				
					name: "spine02"
					
						name: "clavicle_R"
						
							name: "upperarm_R"
							
								name: "lowerarm_R"
								
									name: "hand_R"
									
										name: "F_other1_R"
										
											name: "F_other2_R"
											
										name: "F_index2_R"
										
											name: "F_index3_R"
											
										name: "F_thumb1_R"
										
											name: "F_thumb2_R"
											
										name: "F_mid1_R"
										
											name: "F_mid2_R"
											
							name: "Shoulder_R"
							
						name: "clavicle_L"
						
							name: "upperarm_L"
							
								name: "lowerarm_L"
								
									name: "hand_L"
									
										name: "F_other1_L"
										
											name: "F_other2_L"
											
										name: "F_index2_L"
										
											name: "F_index3_L"
											
										name: "F_thumb1_L"
										
											name: "F_thumb2_L"
											
										name: "F_mid1_L"
										
											name: "F_mid2_L"
											
							name: "Shoulder_L"
							
						name: "neck"
						
							name: "Head"
							
								name: "Hairs1"
								
									name: "Hairs2"
									
										name: "Hairs3"
										
								name: "jaw"
								
								name: "eyeLashTop_L"
								
								name: "eyeLashBot_L"
								
								name: "eye_L"
								
								name: "eyeLashTop_R"
								
								name: "eyeLashBot_R"
								
								name: "eye_R"
								
				name: "visulka"
				

[17:59:43.103511] [Import] [info] (th=2056) File loaded successfully
[17:59:43.103545] [Import] [info] (th=2056) Meshes count: 0
[17:59:43.103577] [Import] [info] (th=2056) Materials count: 0
[17:59:55.477197] [Import] [info] (th=2056) Importing from D:\_GrigoriiWorks\MANU\ManuWorks\AdventureNEW\Enemies\OgreMage\Export\OgreMage_idle.fbx
[17:59:55.482130] [Import] [info] (th=2056) Imported scene tree:
name: "RootNode"

	name: "ARMA"
	
		name: "root"
		
			name: "pelvis"
			
				name: "thigh_L"
				
					name: "calf_L"
					
						name: "foot_L"
						
							name: "toes_L"
							
				name: "thigh_R"
				
					name: "calf_R"
					
						name: "foot_R"
						
							name: "toes_R"
							
				name: "spine01"
				
					name: "spine02"
					
						name: "clavicle_R"
						
							name: "upperarm_R"
							
								name: "lowerarm_R"
								
									name: "hand_R"
									
										name: "F_other1_R"
										
											name: "F_other2_R"
											
										name: "F_index2_R"
										
											name: "F_index3_R"
											
										name: "F_thumb1_R"
										
											name: "F_thumb2_R"
											
										name: "F_mid1_R"
										
											name: "F_mid2_R"
											
							name: "Shoulder_R"
							
						name: "clavicle_L"
						
							name: "upperarm_L"
							
								name: "lowerarm_L"
								
									name: "hand_L"
									
										name: "F_other1_L"
										
											name: "F_other2_L"
											
										name: "F_index2_L"
										
											name: "F_index3_L"
											
										name: "F_thumb1_L"
										
											name: "F_thumb2_L"
											
										name: "F_mid1_L"
										
											name: "F_mid2_L"
											
							name: "Shoulder_L"
							
						name: "neck"
						
							name: "Head"
							
								name: "Hairs1"
								
									name: "Hairs2"
									
										name: "Hairs3"
										
								name: "jaw"
								
								name: "eyeLashTop_L"
								
								name: "eyeLashBot_L"
								
								name: "eye_L"
								
								name: "eyeLashTop_R"
								
								name: "eyeLashBot_R"
								
								name: "eye_R"
								
				name: "visulka"
				

[17:59:55.482177] [Import] [info] (th=2056) File loaded successfully
[17:59:55.482211] [Import] [info] (th=2056) Meshes count: 0
[17:59:55.482243] [Import] [info] (th=2056) Materials count: 0
[17:59:59.429303] [Import] [info] (th=2056) Importing from D:\_GrigoriiWorks\MANU\ManuWorks\AdventureNEW\Enemies\OgreMage\Export\OgreMage_roar.fbx
[17:59:59.438072] [Import] [info] (th=2056) Imported scene tree:
name: "RootNode"

	name: "ARMA"
	
		name: "root"
		
			name: "pelvis"
			
				name: "thigh_L"
				
					name: "calf_L"
					
						name: "foot_L"
						
							name: "toes_L"
							
				name: "thigh_R"
				
					name: "calf_R"
					
						name: "foot_R"
						
							name: "toes_R"
							
				name: "spine01"
				
					name: "spine02"
					
						name: "clavicle_R"
						
							name: "upperarm_R"
							
								name: "lowerarm_R"
								
									name: "hand_R"
									
										name: "F_other1_R"
										
											name: "F_other2_R"
											
										name: "F_index2_R"
										
											name: "F_index3_R"
											
										name: "F_thumb1_R"
										
											name: "F_thumb2_R"
											
										name: "F_mid1_R"
										
											name: "F_mid2_R"
											
							name: "Shoulder_R"
							
						name: "clavicle_L"
						
							name: "upperarm_L"
							
								name: "lowerarm_L"
								
									name: "hand_L"
									
										name: "F_other1_L"
										
											name: "F_other2_L"
											
										name: "F_index2_L"
										
											name: "F_index3_L"
											
										name: "F_thumb1_L"
										
											name: "F_thumb2_L"
											
										name: "F_mid1_L"
										
											name: "F_mid2_L"
											
							name: "Shoulder_L"
							
						name: "neck"
						
							name: "Head"
							
								name: "Hairs1"
								
									name: "Hairs2"
									
										name: "Hairs3"
										
								name: "jaw"
								
								name: "eyeLashTop_L"
								
								name: "eyeLashBot_L"
								
								name: "eye_L"
								
								name: "eyeLashTop_R"
								
								name: "eyeLashBot_R"
								
								name: "eye_R"
								
				name: "visulka"
				

[17:59:59.438162] [Import] [info] (th=2056) File loaded successfully
[17:59:59.438218] [Import] [info] (th=2056) Meshes count: 0
[17:59:59.438274] [Import] [info] (th=2056) Materials count: 0
[18:00:48.430477] [Import] [info] (th=2056) Importing from D:\_GrigoriiWorks\MANU\ManuWorks\AdventureNEW\Enemies\OgreMage\Export\OgreMage_idle.fbx
[18:00:48.437874] [Import] [info] (th=2056) Imported scene tree:
name: "RootNode"

	name: "ARMA"
	
		name: "root"
		
			name: "pelvis"
			
				name: "thigh_L"
				
					name: "calf_L"
					
						name: "foot_L"
						
							name: "toes_L"
							
				name: "thigh_R"
				
					name: "calf_R"
					
						name: "foot_R"
						
							name: "toes_R"
							
				name: "spine01"
				
					name: "spine02"
					
						name: "clavicle_R"
						
							name: "upperarm_R"
							
								name: "lowerarm_R"
								
									name: "hand_R"
									
										name: "F_other1_R"
										
											name: "F_other2_R"
											
										name: "F_index2_R"
										
											name: "F_index3_R"
											
										name: "F_thumb1_R"
										
											name: "F_thumb2_R"
											
										name: "F_mid1_R"
										
											name: "F_mid2_R"
											
							name: "Shoulder_R"
							
						name: "clavicle_L"
						
							name: "upperarm_L"
							
								name: "lowerarm_L"
								
									name: "hand_L"
									
										name: "F_other1_L"
										
											name: "F_other2_L"
											
										name: "F_index2_L"
										
											name: "F_index3_L"
											
										name: "F_thumb1_L"
										
											name: "F_thumb2_L"
											
										name: "F_mid1_L"
										
											name: "F_mid2_L"
											
							name: "Shoulder_L"
							
						name: "neck"
						
							name: "Head"
							
								name: "Hairs1"
								
									name: "Hairs2"
									
										name: "Hairs3"
										
								name: "jaw"
								
								name: "eyeLashTop_L"
								
								name: "eyeLashBot_L"
								
								name: "eye_L"
								
								name: "eyeLashTop_R"
								
								name: "eyeLashBot_R"
								
								name: "eye_R"
								
				name: "visulka"
				

[18:00:48.437965] [Import] [info] (th=2056) File loaded successfully
[18:00:48.438077] [Import] [info] (th=2056) Meshes count: 0
[18:00:48.438190] [Import] [info] (th=2056) Materials count: 0
[18:02:27.145136] [Import] [info] (th=2056) Importing from D:\_GrigoriiWorks\MANU\ManuWorks\AdventureNEW\Enemies\OgreMage\Export\OgreMage_idle.fbx
[18:02:27.165799] [Import] [info] (th=2056) Imported scene tree:
name: "RootNode"

	name: "ARMA"
	
		name: "root"
		
			name: "pelvis"
			
				name: "thigh_L"
				
					name: "calf_L"
					
						name: "foot_L"
						
							name: "toes_L"
							
				name: "thigh_R"
				
					name: "calf_R"
					
						name: "foot_R"
						
							name: "toes_R"
							
				name: "spine01"
				
					name: "spine02"
					
						name: "clavicle_R"
						
							name: "upperarm_R"
							
								name: "lowerarm_R"
								
									name: "hand_R"
									
										name: "F_other1_R"
										
											name: "F_other2_R"
											
										name: "F_index2_R"
										
											name: "F_index3_R"
											
										name: "F_thumb1_R"
										
											name: "F_thumb2_R"
											
										name: "F_mid1_R"
										
											name: "F_mid2_R"
											
							name: "Shoulder_R"
							
						name: "clavicle_L"
						
							name: "upperarm_L"
							
								name: "lowerarm_L"
								
									name: "hand_L"
									
										name: "F_other1_L"
										
											name: "F_other2_L"
											
										name: "F_index2_L"
										
											name: "F_index3_L"
											
										name: "F_thumb1_L"
										
											name: "F_thumb2_L"
											
										name: "F_mid1_L"
										
											name: "F_mid2_L"
											
							name: "Shoulder_L"
							
						name: "neck"
						
							name: "Head"
							
								name: "Hairs1"
								
									name: "Hairs2"
									
										name: "Hairs3"
										
								name: "jaw"
								
								name: "eyeLashTop_L"
								
								name: "eyeLashBot_L"
								
								name: "eye_L"
								
								name: "eyeLashTop_R"
								
								name: "eyeLashBot_R"
								
								name: "eye_R"
								
				name: "visulka"
				

[18:02:27.165848] [Import] [info] (th=2056) File loaded successfully
[18:02:27.165881] [Import] [info] (th=2056) Meshes count: 0
[18:02:27.165914] [Import] [info] (th=2056) Materials count: 0
[18:02:44.241389] [Import] [info] (th=2056) Importing from D:\_GrigoriiWorks\MANU\ManuWorks\AdventureNEW\Enemies\OgreMage\Export\OgreMage_roar.fbx
[18:02:44.265328] [Import] [info] (th=2056) Imported scene tree:
name: "RootNode"

	name: "ARMA"
	
		name: "root"
		
			name: "pelvis"
			
				name: "thigh_L"
				
					name: "calf_L"
					
						name: "foot_L"
						
							name: "toes_L"
							
				name: "thigh_R"
				
					name: "calf_R"
					
						name: "foot_R"
						
							name: "toes_R"
							
				name: "spine01"
				
					name: "spine02"
					
						name: "clavicle_R"
						
							name: "upperarm_R"
							
								name: "lowerarm_R"
								
									name: "hand_R"
									
										name: "F_other1_R"
										
											name: "F_other2_R"
											
										name: "F_index2_R"
										
											name: "F_index3_R"
											
										name: "F_thumb1_R"
										
											name: "F_thumb2_R"
											
										name: "F_mid1_R"
										
											name: "F_mid2_R"
											
							name: "Shoulder_R"
							
						name: "clavicle_L"
						
							name: "upperarm_L"
							
								name: "lowerarm_L"
								
									name: "hand_L"
									
										name: "F_other1_L"
										
											name: "F_other2_L"
											
										name: "F_index2_L"
										
											name: "F_index3_L"
											
										name: "F_thumb1_L"
										
											name: "F_thumb2_L"
											
										name: "F_mid1_L"
										
											name: "F_mid2_L"
											
							name: "Shoulder_L"
							
						name: "neck"
						
							name: "Head"
							
								name: "Hairs1"
								
									name: "Hairs2"
									
										name: "Hairs3"
										
								name: "jaw"
								
								name: "eyeLashTop_L"
								
								name: "eyeLashBot_L"
								
								name: "eye_L"
								
								name: "eyeLashTop_R"
								
								name: "eyeLashBot_R"
								
								name: "eye_R"
								
				name: "visulka"
				

[18:02:44.265460] [Import] [info] (th=2056) File loaded successfully
[18:02:44.265548] [Import] [info] (th=2056) Meshes count: 0
[18:02:44.265630] [Import] [info] (th=2056) Materials count: 0
