[10:50:23.514369] [Import] [info] (th=14152) Log level for 'Import' set to 'info'
[10:50:23.528701] [Import] [info] (th=14152) Importing from D:\_GrigoriiWorks\MANU\ManuWorks\AdventureNEW\GG\Export\Playe_T-pose.fbx
[10:50:23.746464] [Import] [info] (th=14152) Imported scene tree:
name: "RootNode"

	name: "Player"
	numMeshes: 1
	 addr: "0000025E3605F5D0"
	 name: "Cylinder.002"
	 numVertices: "3230"
	 numFaces: "2362"
	
	
	name: "Main_armature_GG"
	
		name: "root"
		
			name: "pelvis"
			
				name: "thigh_L"
				
					name: "calf_L"
					
						name: "foot_L"
						
							name: "toes_L"
							
				name: "thigh_R"
				
					name: "calf_R"
					
						name: "foot_R"
						
							name: "toes_R"
							
				name: "spine01"
				
					name: "spine02"
					
						name: "clavicle_R"
						
							name: "upperarm_R"
							
								name: "lowerarm_R"
								
									name: "hand_R"
									
										name: "Player.001"
										numMeshes: 1
										 addr: "0000025E0CC998C0"
										 name: "Cylinder.001"
										 numVertices: "266"
										 numFaces: "200"
										
										
						name: "clavicle_L"
						
							name: "upperarm_L"
							
								name: "lowerarm_L"
								
									name: "hand_L"
									
						name: "neck"
						
							name: "Head"
							

[10:50:23.746551] [Import] [info] (th=14152) File loaded successfully
[10:50:23.746611] [Import] [info] (th=14152) Meshes count: 2
[10:50:23.746671] [Import] [info] (th=14152) Materials count: 1
[10:50:23.757156] [Import] [info] (th=14152) Textures count (imported): 1
[10:53:32.571419] [Import] [info] (th=14152) Importing from D:\_GrigoriiWorks\MANU\ManuWorks\AdventureNEW\GG\Export\Player_T-pose.fbx
[10:53:32.581258] [Import] [info] (th=14152) Imported scene tree:
name: "RootNode"

	name: "Player"
	numMeshes: 1
	 addr: "0000025E5ED8EAB0"
	 name: "Cylinder.002"
	 numVertices: "3225"
	 numFaces: "2362"
	
	
	name: "Main_armature_GG"
	
		name: "root"
		
			name: "pelvis"
			
				name: "thigh_L"
				
					name: "calf_L"
					
						name: "foot_L"
						
							name: "toes_L"
							
				name: "thigh_R"
				
					name: "calf_R"
					
						name: "foot_R"
						
							name: "toes_R"
							
				name: "spine01"
				
					name: "spine02"
					
						name: "clavicle_R"
						
							name: "upperarm_R"
							
								name: "lowerarm_R"
								
									name: "hand_R"
									
										name: "Player.001"
										numMeshes: 1
										 addr: "0000025E5AEE2960"
										 name: "Cylinder.001"
										 numVertices: "266"
										 numFaces: "200"
										
										
						name: "clavicle_L"
						
							name: "upperarm_L"
							
								name: "lowerarm_L"
								
									name: "hand_L"
									
						name: "neck"
						
							name: "Head"
							

[10:53:32.581306] [Import] [info] (th=14152) File loaded successfully
[10:53:32.581339] [Import] [info] (th=14152) Meshes count: 2
[10:53:32.581372] [Import] [info] (th=14152) Materials count: 1
[10:53:32.581673] [Import] [info] (th=14152) Textures count (imported): 1
[10:53:57.736738] [Import] [info] (th=14152) Importing from D:\_GrigoriiWorks\MANU\ManuWorks\AdventureNEW\GG\Export\IDLE.fbx
[10:53:57.789566] [Import] [info] (th=14152) Imported scene tree:
name: "RootNode"

	name: "Main_armature_GG"
	
		name: "root"
		
			name: "pelvis"
			
				name: "thigh_L"
				
					name: "calf_L"
					
						name: "foot_L"
						
							name: "toes_L"
							
				name: "thigh_R"
				
					name: "calf_R"
					
						name: "foot_R"
						
							name: "toes_R"
							
				name: "spine01"
				
					name: "spine02"
					
						name: "clavicle_R"
						
							name: "upperarm_R"
							
								name: "lowerarm_R"
								
									name: "hand_R"
									
						name: "clavicle_L"
						
							name: "upperarm_L"
							
								name: "lowerarm_L"
								
									name: "hand_L"
									
						name: "neck"
						
							name: "Head"
							

[10:53:57.789639] [Import] [info] (th=14152) File loaded successfully
[10:53:57.789705] [Import] [info] (th=14152) Meshes count: 0
[10:53:57.789764] [Import] [info] (th=14152) Materials count: 0
[10:54:17.553467] [Import] [info] (th=14152) Importing from D:\_GrigoriiWorks\MANU\ManuWorks\AdventureNEW\GG\Export\RUN.fbx
[10:54:17.589073] [Import] [info] (th=14152) Imported scene tree:
name: "RootNode"

	name: "Main_armature_GG"
	
		name: "root"
		
			name: "pelvis"
			
				name: "thigh_L"
				
					name: "calf_L"
					
						name: "foot_L"
						
							name: "toes_L"
							
				name: "thigh_R"
				
					name: "calf_R"
					
						name: "foot_R"
						
							name: "toes_R"
							
				name: "spine01"
				
					name: "spine02"
					
						name: "clavicle_R"
						
							name: "upperarm_R"
							
								name: "lowerarm_R"
								
									name: "hand_R"
									
						name: "clavicle_L"
						
							name: "upperarm_L"
							
								name: "lowerarm_L"
								
									name: "hand_L"
									
						name: "neck"
						
							name: "Head"
							

[10:54:17.589118] [Import] [info] (th=14152) File loaded successfully
[10:54:17.589152] [Import] [info] (th=14152) Meshes count: 0
[10:54:17.589185] [Import] [info] (th=14152) Materials count: 0
