[15:09:46.269024] [SceneFactory] [info] (th=2061956) Log level for 'SceneFactory' set to 'info'
[15:09:46.638825] [SceneFactory] [info] (th=2061956) Plane is created: id: 53834A81-15D5-46C3-9803-91EB66955F2E
[23:14:26.061067] [SceneFactory] [info] (th=1542458) Log level for 'SceneFactory' set to 'info'
[23:14:26.061132] [SceneFactory] [info] (th=1542458) Box is created: id: 739A3B22-42FF-4004-8902-46449E7C2511
[09:42:18.322402] [SceneFactory] [info] (th=1542458) Box is created: id: 1C9BD98B-2369-4E88-88AC-DD13880CDD1C
[09:43:32.887329] [SceneFactory] [info] (th=1542458) GhostObject is created: id: C653693F-D01B-4552-890F-D80B07583C07
[09:43:41.519603] [SceneFactory] [info] (th=1542458) Box is created: id: 5EC2A5B1-D29A-494B-A71F-DCCFDA664C44
[09:45:00.633056] [SceneFactory] [info] (th=1542458) AudioSource is created: id: AB33D09D-65C5-46AC-8C02-0992F5EB2B79
[09:45:03.788381] [SceneFactory] [info] (th=1542458) GhostObject is created: id: 854E264D-1B92-484E-B1A6-ECC651864D09
[13:56:10.093934] [SceneFactory] [info] (th=1883648) Log level for 'SceneFactory' set to 'info'
[13:56:10.094036] [SceneFactory] [info] (th=1883648) GhostObject is created: id: C515A3F1-6399-422C-B3D7-2F572EF34F26
[14:46:56.857052] [SceneFactory] [info] (th=1883648) Plane is created: id: 726827D8-20F7-4B2B-90E0-6E6576D6502D
[15:39:52.613962] [SceneFactory] [info] (th=1883648) GhostObject is created: id: E2F4E092-D623-4794-88D7-AB93A02B60E2
[19:00:33.383284] [SceneFactory] [info] (th=1883648) GhostObject is created: id: 2A9F9682-E3D7-4A38-A9AC-744FC9F86D8E
[19:19:26.616402] [SceneFactory] [info] (th=1883648) GhostObject is created: id: 2893F706-080F-4EBB-9E58-30A3A0189E90
[20:03:56.800226] [SceneFactory] [info] (th=1883648) GhostObject is created: id: 18361B0B-DF37-444E-BB46-F4FE08320F8E
[20:57:05.617025] [SceneFactory] [info] (th=2212286) Log level for 'SceneFactory' set to 'info'
[20:57:05.617273] [SceneFactory] [info] (th=2212286) GhostObject is created: id: E387639F-141E-480D-AC5F-73AD3DDDD897
[21:26:16.015558] [SceneFactory] [info] (th=2212286) GhostObject is created: id: B22FEDE6-1DCE-4569-9830-4E5AFFA41110
[21:31:45.994323] [SceneFactory] [info] (th=2212286) GhostObject is created: id: D24B3C04-E5CE-4749-A924-293482032FE8
[21:40:43.289649] [SceneFactory] [info] (th=9346) Log level for 'SceneFactory' set to 'info'
[21:40:43.289777] [SceneFactory] [info] (th=9346) GhostObject is created: id: 74D78FFF-5F15-4B24-9099-FBBF07CFACB3
[21:55:32.489020] [SceneFactory] [info] (th=9346) GhostObject is created: id: 8555426C-74E9-4F6E-8E77-ADE803BA165C
[22:46:15.931019] [SceneFactory] [info] (th=36833) Log level for 'SceneFactory' set to 'info'
[22:46:15.931151] [SceneFactory] [info] (th=36833) GhostObject is created: id: D87188A6-5873-490F-AD47-99E837A6E68C
[23:11:17.052355] [SceneFactory] [info] (th=50445) Log level for 'SceneFactory' set to 'info'
[23:11:17.052412] [SceneFactory] [info] (th=50445) GhostObject is created: id: 42DE2B96-C7E4-4FEE-BA22-3638B8E2F952
[10:25:58.136829] [SceneFactory] [info] (th=68352) Log level for 'SceneFactory' set to 'info'
[10:25:58.136884] [SceneFactory] [info] (th=68352) GhostObject is created: id: 998179E3-9C6B-445B-84A9-7EE396A80639
[10:35:43.292327] [SceneFactory] [info] (th=68352) GhostObject is created: id: 47C1CB3E-FBEF-4908-B00D-0A6B96DD8B7D
[10:55:07.995454] [SceneFactory] [info] (th=68352) GhostObject is created: id: C5CB855B-A562-4AC0-9785-335878B592C0
[11:06:59.518006] [SceneFactory] [info] (th=68352) GhostObject is created: id: DCAC538B-9018-4307-A242-4BDEB528AD3D
[11:10:02.735484] [SceneFactory] [info] (th=68352) GhostObject is created: id: 819D3C96-CF33-4A95-9BB2-26E1EF8B38D2
[11:12:08.017610] [SceneFactory] [info] (th=68352) GhostObject is created: id: A31EF3F9-DB70-44C0-BB45-45FBBEA5AC1F
[17:06:31.684299] [SceneFactory] [info] (th=2070667) Log level for 'SceneFactory' set to 'info'
[17:06:31.684438] [SceneFactory] [info] (th=2070667) GhostObject is created: id: A38A2D51-740B-40B2-B9A6-C97C931706C1
[17:47:44.476471] [SceneFactory] [info] (th=2739666) Log level for 'SceneFactory' set to 'info'
[17:47:44.476609] [SceneFactory] [info] (th=2739666) GhostObject is created: id: 75AD458C-210F-43D6-AD4A-189D523DF75D
[12:49:59.554645] [SceneFactory] [info] (th=2924346) Log level for 'SceneFactory' set to 'info'
[12:49:59.554733] [SceneFactory] [info] (th=2924346) GhostObject is created: id: D8813AC7-2C6C-4126-A3B0-986CF5E062E5
[21:32:05.134851] [SceneFactory] [info] (th=2924346) Log level for 'SceneFactory' set to 'info'
[12:09:06.536742] [SceneFactory] [info] (th=632) Log level for 'SceneFactory' set to 'info'
[12:40:03.750820] [SceneFactory] [info] (th=20252) Log level for 'SceneFactory' set to 'info'
[11:04:41.322425] [SceneFactory] [info] (th=20252) Log level for 'SceneFactory' set to 'info'
[19:08:48.456370] [SceneFactory] [info] (th=19880) Log level for 'SceneFactory' set to 'info'
[10:54:51.659915] [SceneFactory] [info] (th=26756) Log level for 'SceneFactory' set to 'info'
[09:02:07.709961] [SceneFactory] [info] (th=4120) Log level for 'SceneFactory' set to 'info'
[17:49:29.280196] [SceneFactory] [info] (th=13031) Log level for 'SceneFactory' set to 'info'
[17:49:29.280604] [SceneFactory] [info] (th=13031) Box is created: id: A7395D9E-DCCB-40FA-817A-2448E24F52F6
[18:30:24.888208] [SceneFactory] [info] (th=13031) Log level for 'SceneFactory' set to 'info'
[18:30:24.888293] [SceneFactory] [info] (th=13031) Sphere is created: id: D97B73A0-366A-468C-971D-0EEF37648021
[18:30:32.038265] [SceneFactory] [info] (th=13031) GhostObject is created: id: EEA1D0DC-0545-4EBC-9989-1DFD4866EECE
[18:31:23.106871] [SceneFactory] [info] (th=13031) GhostObject is created: id: EB310299-0520-444D-B1E9-6F877210772A
[16:10:30.658851] [SceneFactory] [info] (th=14280) Log level for 'SceneFactory' set to 'info'
[19:20:53.017924] [SceneFactory] [info] (th=11012) Log level for 'SceneFactory' set to 'info'
[19:49:34.765350] [SceneFactory] [info] (th=11012) Light is created: id: 0E805243-2A1D-4635-B6AC-B04821516BFD
[20:36:33.137112] [SceneFactory] [info] (th=11012) Light is created: id: D5126900-BB77-40B6-90A7-F5A8913C6CFA
[21:01:34.319930] [SceneFactory] [info] (th=7608) Log level for 'SceneFactory' set to 'info'
[21:14:44.767036] [SceneFactory] [info] (th=7608) Plane is created: id: 1C22DF3C-A999-44F2-A04F-C1EA9BAFE2DA
[21:38:03.215431] [SceneFactory] [info] (th=9764) Log level for 'SceneFactory' set to 'info'
[22:27:18.515805] [SceneFactory] [info] (th=1568) Log level for 'SceneFactory' set to 'info'
[22:27:18.530968] [SceneFactory] [info] (th=1568) GhostObject is created: id: C91ED263-1B14-4DFB-AD2E-E019583D7D65
[09:57:25.979581] [SceneFactory] [info] (th=20748) Log level for 'SceneFactory' set to 'info'
[16:36:11.170318] [SceneFactory] [info] (th=12816) Log level for 'SceneFactory' set to 'info'
[17:56:36.062966] [SceneFactory] [info] (th=828) Log level for 'SceneFactory' set to 'info'
[10:47:00.576662] [SceneFactory] [info] (th=14152) Log level for 'SceneFactory' set to 'info'
[10:47:00.578395] [SceneFactory] [info] (th=14152) Box is created: id: 71D53065-5EBC-4525-B576-67B9F3CDC349
[10:58:42.626490] [SceneFactory] [info] (th=9472) Log level for 'SceneFactory' set to 'info'
[11:29:26.506538] [SceneFactory] [info] (th=11368) Log level for 'SceneFactory' set to 'info'
[11:36:18.945937] [SceneFactory] [info] (th=10056) Log level for 'SceneFactory' set to 'info'
[11:36:18.955932] [SceneFactory] [info] (th=10056) StateMachine is created: id: 2891D412-A1B7-42C0-8BA6-49D2FB7C7807
[11:36:56.196061] [SceneFactory] [info] (th=10056) GhostObject is created: id: 7EA4026D-CFCD-495A-B1FA-2401B0E39AFF
[09:56:03.365959] [SceneFactory] [info] (th=10876) Log level for 'SceneFactory' set to 'info'
[09:56:03.366040] [SceneFactory] [info] (th=10876) GhostObject is created: id: A67D3198-DF6B-49E0-80D7-1CB4E362E5DB
[11:55:59.565115] [SceneFactory] [info] (th=15624) Log level for 'SceneFactory' set to 'info'
[11:55:59.565238] [SceneFactory] [info] (th=15624) Plane is created: id: CA8F8820-EF26-4B8E-B3A2-5B5D10111A30
[08:22:30.950051] [SceneFactory] [info] (th=14416) Log level for 'SceneFactory' set to 'info'
[08:22:30.950129] [SceneFactory] [info] (th=14416) GhostObject is created: id: 4C0C7A72-8435-4A1F-8AFF-C393C5C45A80
[11:29:47.292290] [SceneFactory] [info] (th=3096) Log level for 'SceneFactory' set to 'info'
[12:44:21.444517] [SceneFactory] [info] (th=5624) Log level for 'SceneFactory' set to 'info'
[13:00:32.014343] [SceneFactory] [info] (th=6056) Log level for 'SceneFactory' set to 'info'
[10:15:55.806819] [SceneFactory] [info] (th=10356) Log level for 'SceneFactory' set to 'info'
[10:17:03.425438] [SceneFactory] [info] (th=9808) Log level for 'SceneFactory' set to 'info'
[09:53:19.559013] [SceneFactory] [info] (th=23724) Log level for 'SceneFactory' set to 'info'
[13:38:49.599103] [SceneFactory] [info] (th=17380) Log level for 'SceneFactory' set to 'info'
[13:53:16.381376] [SceneFactory] [info] (th=17380) Box is created: id: AFBD5A3D-970B-4D79-B203-3566CC35F2D6
[13:53:55.697289] [SceneFactory] [info] (th=17380) GhostObject is created: id: DBE0CDBE-66A7-4B8A-B943-7043DB2F9A0B
[10:41:50.299052] [SceneFactory] [info] (th=20152) Log level for 'SceneFactory' set to 'info'
[10:48:12.407019] [SceneFactory] [info] (th=4188) Log level for 'SceneFactory' set to 'info'
[15:51:38.172238] [SceneFactory] [info] (th=19876) Log level for 'SceneFactory' set to 'info'
[16:57:35.858895] [SceneFactory] [info] (th=672) Log level for 'SceneFactory' set to 'info'
[17:34:48.487351] [SceneFactory] [info] (th=17728) Log level for 'SceneFactory' set to 'info'
[17:35:41.804019] [SceneFactory] [info] (th=17728) GhostObject is created: id: 62EF029E-9C68-4213-9C51-090A52FCFCA4
[17:36:17.153348] [SceneFactory] [info] (th=17728) StateMachine is created: id: 1CB32F31-4C75-4635-ABA4-B739F121C6C2
[17:44:29.404790] [SceneFactory] [info] (th=17728) GhostObject is created: id: 443A7D3D-C494-42AA-9A34-87A15DE11B11
[17:59:04.118938] [SceneFactory] [info] (th=2056) Log level for 'SceneFactory' set to 'info'
[18:02:58.848753] [SceneFactory] [info] (th=2056) GhostObject is created: id: 5DF43DA3-5811-463B-906B-74129916B5C5
[18:03:42.156627] [SceneFactory] [info] (th=2056) StateMachine is created: id: 8022B2C1-62FD-4246-8D9B-36DAFB4411B7
